
Friday 11 April 2025 11:23:17 PM IST
update has been run
main loaded [0xff]
system has successfully loaded CLI [0xff]
main loaded [0xff]
system has successfully loaded CLI [0xff]
main loaded [0xff]
system has successfully loaded CLI [0xff]
main loaded [0xff]
system has successfully loaded CLI [0xff]
Saturday 12 April 2025 10:50:40 AM IST
update has been run
main loaded [0xff]
system has successfully loaded CLI [0xff]
main loaded [0xff]
system has successfully loaded CLI [0xff]
main loaded [0xff]
system has successfully loaded CLI [0xff]
Saturday 12 April 2025 11:21:07 AM IST
update has been run
Saturday 12 April 2025 11:21:14 AM IST
application ./boot has been run 
main loaded [0xff]
system has successfully loaded CLI [0xff]
main loaded [0xff]
system has successfully loaded CLI [0xff]
main loaded [0xff]
system has successfully loaded CLI [0xff]
main loaded [0xff]
system has successfully loaded CLI [0xff]
main loaded [0xff]
system has successfully loaded CLI [0xff]
main loaded [0xff]
system has successfully loaded CLI [0xff]
main loaded [0xff]
system has successfully loaded CLI [0xff]
main loaded [0xff]
system has successfully loaded CLI [0xff]
main loaded [0xff]
system has successfully loaded CLI [0xff]
main loaded [0xff]
system has successfully loaded CLI [0xff]
main loaded [0xff]
system has successfully loaded CLI [0xff]
Saturday 12 April 2025 06:23:36 PM IST
application ./boot has been run 
main loaded [0xff]
system has successfully loaded CLI [0xff]
Monday 14 April 2025 05:32:48 PM IST
application ./boot has been run 
main loaded [0xff]
system has successfully loaded CLI [0xff]
main loaded [0xff]
system has successfully loaded CLI [0xff]
main loaded [0xff]
system has successfully loaded CLI [0xff]
Thursday 17 April 2025 03:10:22 PM IST
application ./boot has been run 
main loaded [0xff]
system has successfully loaded CLI [0xff]
Saturday 14 June 2025 10:12:04 AM IST
application ./boot has been run 
main loaded [0xff]
system has successfully loaded CLI [0xff]
Saturday 14 June 2025 10:12:49 AM IST
update has been run
Saturday 14 June 2025 10:14:17 AM IST
application ./boot has been run 
