
Friday 11 April 2025 11:23:17 PM IST
update has been run
main loaded [0xff]
system has successfully loaded CLI [0xff]
main loaded [0xff]
system has successfully loaded CLI [0xff]
main loaded [0xff]
system has successfully loaded CLI [0xff]
main loaded [0xff]
system has successfully loaded CLI [0xff]
Saturday 12 April 2025 10:50:40 AM IST
update has been run
main loaded [0xff]
system has successfully loaded CLI [0xff]
main loaded [0xff]
system has successfully loaded CLI [0xff]
main loaded [0xff]
system has successfully loaded CLI [0xff]
Saturday 12 April 2025 11:21:07 AM IST
update has been run
Saturday 12 April 2025 11:21:14 AM IST
application ./boot has been run 
main loaded [0xff]
system has successfully loaded CLI [0xff]
main loaded [0xff]
system has successfully loaded CLI [0xff]
main loaded [0xff]
system has successfully loaded CLI [0xff]
main loaded [0xff]
system has successfully loaded CLI [0xff]
main loaded [0xff]
system has successfully loaded CLI [0xff]
main loaded [0xff]
system has successfully loaded CLI [0xff]
main loaded [0xff]
system has successfully loaded CLI [0xff]
main loaded [0xff]
system has successfully loaded CLI [0xff]
main loaded [0xff]
system has successfully loaded CLI [0xff]
main loaded [0xff]
system has successfully loaded CLI [0xff]
