# log file // very important
main loaded [0xff]
system has successfully loaded CLI [0xff]
main loaded [0xff]
system has successfully loaded CLI [0xff]
main loaded [0xff]
system has successfully loaded CLI [0xff]
dev console is running successfully
main loaded [0xff]
system has successfully loaded CLI [0xff]
dev console is running successfully
Saturday 14 June 2025 01:16:13 PM IST
update has been run
Saturday 14 June 2025 01:17:29 PM IST
update has been run
main loaded [0xff]
system has successfully loaded CLI [0xff]
main loaded [0xff]
system has successfully loaded CLI [0xff]
main loaded [0xff]
system has successfully loaded CLI [0xff]
main loaded [0xff]
system has successfully loaded CLI [0xff]
main loaded [0xff]
system has successfully loaded CLI [0xff]
main loaded [0xff]
system has successfully loaded CLI [0xff]
main loaded [0xff]
system has successfully loaded CLI [0xff]
main loaded [0xff]
system has successfully loaded CLI [0xff]
main loaded [0xff]
system has successfully loaded CLI [0xff]
main loaded [0xff]
system has successfully loaded CLI [0xff]
main loaded [0xff]
system has successfully loaded CLI [0xff]
Sunday 15 June 2025 08:49:46 PM IST
update has been run
main loaded [0xff]
system has successfully loaded CLI [0xff]
main loaded [0xff]
system has successfully loaded CLI [0xff]
Sunday 15 June 2025 08:54:56 PM IST
update has been run
Tuesday 17 June 2025 04:19:30 PM IST
update has been run
Tuesday 17 June 2025 04:19:57 PM IST
update has been run
main loaded [0xff]
system has successfully loaded CLI [0xff]
main loaded [0xff]
system has successfully loaded CLI [0xff]
main loaded [0xff]
system has successfully loaded CLI [0xff]
Tuesday 17 June 2025 04:25:10 PM IST
application ./boot has been run 
main loaded [0xff]
system has successfully loaded CLI [0xff]
main loaded [0xff]
system has successfully loaded CLI [0xff]
main loaded [0xff]
system has successfully loaded CLI [0xff]
main loaded [0xff]
system has successfully loaded CLI [0xff]
main loaded [0xff]
system has successfully loaded CLI [0xff]
Tuesday 17 June 2025 05:18:19 PM IST
update has been run
Tuesday 17 June 2025 05:18:34 PM IST
update has been run
main loaded [0xff]
system has successfully loaded CLI [0xff]
main loaded [0xff]
system has successfully loaded CLI [0xff]
Tuesday 17 June 2025 06:07:35 PM IST
update has been run
Tuesday 17 June 2025 06:09:24 PM IST
update has been run
main loaded [0xff]
system has successfully loaded CLI [0xff]
Tuesday 17 June 2025 06:28:35 PM IST
update has been run
Tuesday 17 June 2025 06:38:17 PM IST
update has been run
Tuesday 17 June 2025 06:38:37 PM IST
update has been run
Tuesday 17 June 2025 06:40:20 PM IST
update has been run
Tuesday 17 June 2025 06:40:37 PM IST
update has been run
Thursday 19 June 2025 04:18:37 PM IST
update has been run
main loaded [0xff]
system has successfully loaded CLI [0xff]
